<?xml version="1.0" encoding="UTF-8"?>
<!-- Generated by org.testng.reporters.JUnitReportReporter -->
<testsuite hostname="DESKTOP-4Q42VIP" failures="0" tests="2" name="global.coda.hms.dao.test.DoctorDaoTest" time="0.072" errors="0" timestamp="2020-01-12T20:18:38 IST" skipped="0">
  <testcase classname="global.coda.hms.dao.test.DoctorDaoTest" name="readDoctorById" time="0.027"/>
  <testcase classname="global.coda.hms.dao.test.DoctorDaoTest" name="readAllDoctor" time="0.045"/>
</testsuite> <!-- global.coda.hms.dao.test.DoctorDaoTest -->
