<?xml version="1.0" encoding="UTF-8"?>
<!-- Generated by org.testng.reporters.JUnitReportReporter -->
<testsuite hostname="DESKTOP-4Q42VIP" failures="0" tests="2" name="global.coda.hms.dao.test.PatientDaoTest" time="0.658" errors="0" timestamp="2020-01-12T20:18:38 IST" skipped="0">
  <testcase classname="global.coda.hms.dao.test.PatientDaoTest" name="readPatientById" time="0.046"/>
  <testcase classname="global.coda.hms.dao.test.PatientDaoTest" name="readAllPatient" time="0.612"/>
</testsuite> <!-- global.coda.hms.dao.test.PatientDaoTest -->
